app/build/intermediates/manifest_merge_blame_file/debug/manifest-merger-blame-debug-report.txt
1<?xml version="1.0" encoding="utf-8"?>
2<manifest xmlns:android="http://schemas.android.com/apk/res/android"
3    package="com.vernacular.learning"
4    android:versionCode="1"
5    android:versionName="1.0.0" >
6
7    <uses-sdk
8        android:minSdkVersion="28"
9        android:targetSdkVersion="34" />
10
11    <uses-permission android:name="android.permission.RECORD_AUDIO" />
11-->src\main\AndroidManifest.xml:5:5-71
11-->src\main\AndroidManifest.xml:5:22-68
12    <uses-permission android:name="android.permission.INTERNET" />
12-->src\main\AndroidManifest.xml:6:5-67
12-->src\main\AndroidManifest.xml:6:22-64
13    <uses-permission android:name="android.permission.ACCESS_NETWORK_STATE" />
13-->src\main\AndroidManifest.xml:7:5-79
13-->src\main\AndroidManifest.xml:7:22-76
14
15    <permission
15-->[androidx.core:core:1.9.0] AndroidManifest.xml:22:5-24:47
16        android:name="com.vernacular.learning.DYNAMIC_RECEIVER_NOT_EXPORTED_PERMISSION"
16-->[androidx.core:core:1.9.0] AndroidManifest.xml:23:9-81
17        android:protectionLevel="signature" />
17-->[androidx.core:core:1.9.0] AndroidManifest.xml:24:9-44
18
19    <uses-permission android:name="com.vernacular.learning.DYNAMIC_RECEIVER_NOT_EXPORTED_PERMISSION" />
19-->[androidx.core:core:1.9.0] AndroidManifest.xml:26:5-97
19-->[androidx.core:core:1.9.0] AndroidManifest.xml:26:22-94
20
21    <application
21-->src\main\AndroidManifest.xml:9:5-75:19
22        android:name="com.vernacular.learning.VernacularApp"
22-->src\main\AndroidManifest.xml:10:9-38
23        android:allowBackup="true"
23-->src\main\AndroidManifest.xml:11:9-35
24        android:appComponentFactory="androidx.core.app.CoreComponentFactory"
24-->[androidx.core:core:1.9.0] AndroidManifest.xml:28:18-86
25        android:dataExtractionRules="@xml/data_extraction_rules"
25-->src\main\AndroidManifest.xml:12:9-65
26        android:debuggable="true"
27        android:extractNativeLibs="false"
28        android:fullBackupContent="@xml/backup_rules"
28-->src\main\AndroidManifest.xml:13:9-54
29        android:icon="@drawable/ic_vaani_app_icon"
29-->src\main\AndroidManifest.xml:14:9-51
30        android:label="@string/app_name"
30-->src\main\AndroidManifest.xml:15:9-41
31        android:roundIcon="@drawable/ic_vaani_app_icon"
31-->src\main\AndroidManifest.xml:16:9-56
32        android:supportsRtl="true"
32-->src\main\AndroidManifest.xml:17:9-35
33        android:theme="@style/Theme.VernacularLearning" >
33-->src\main\AndroidManifest.xml:18:9-56
34
35        <!-- Splash Screen (Launcher) -->
36        <activity
36-->src\main\AndroidManifest.xml:22:9-31:20
37            android:name="com.vernacular.learning.SplashActivity"
37-->src\main\AndroidManifest.xml:23:13-43
38            android:exported="true"
38-->src\main\AndroidManifest.xml:24:13-36
39            android:screenOrientation="portrait"
39-->src\main\AndroidManifest.xml:25:13-49
40            android:theme="@style/Theme.VernacularLearning.Splash" >
40-->src\main\AndroidManifest.xml:26:13-67
41            <intent-filter>
41-->src\main\AndroidManifest.xml:27:13-30:29
42                <action android:name="android.intent.action.MAIN" />
42-->src\main\AndroidManifest.xml:28:17-69
42-->src\main\AndroidManifest.xml:28:25-66
43
44                <category android:name="android.intent.category.LAUNCHER" />
44-->src\main\AndroidManifest.xml:29:17-77
44-->src\main\AndroidManifest.xml:29:27-74
45            </intent-filter>
46        </activity>
47
48        <!-- Main Hub Activity (Houses Bottom Nav & Core Fragments) -->
49        <activity
49-->src\main\AndroidManifest.xml:34:9-38:55
50            android:name="com.vernacular.learning.MainActivity"
50-->src\main\AndroidManifest.xml:35:13-41
51            android:exported="false"
51-->src\main\AndroidManifest.xml:36:13-37
52            android:screenOrientation="portrait"
52-->src\main\AndroidManifest.xml:37:13-49
53            android:windowSoftInputMode="adjustPan" />
53-->src\main\AndroidManifest.xml:38:13-52
54
55        <!-- Lesson Interactive Screen -->
56        <activity
56-->src\main\AndroidManifest.xml:41:9-45:58
57            android:name="com.vernacular.learning.ui.lesson.LessonActivity"
57-->src\main\AndroidManifest.xml:42:13-53
58            android:exported="false"
58-->src\main\AndroidManifest.xml:43:13-37
59            android:parentActivityName="com.vernacular.learning.MainActivity"
59-->src\main\AndroidManifest.xml:45:13-55
60            android:screenOrientation="portrait" />
60-->src\main\AndroidManifest.xml:44:13-49
61
62        <!-- Dedicated Flashcards Screen -->
63        <activity
63-->src\main\AndroidManifest.xml:48:9-52:58
64            android:name="com.vernacular.learning.ui.flashcards.FlashcardActivity"
64-->src\main\AndroidManifest.xml:49:13-60
65            android:exported="false"
65-->src\main\AndroidManifest.xml:50:13-37
66            android:parentActivityName="com.vernacular.learning.MainActivity"
66-->src\main\AndroidManifest.xml:52:13-55
67            android:screenOrientation="portrait" />
67-->src\main\AndroidManifest.xml:51:13-49
68
69        <!-- Theme Selection Screen -->
70        <activity
70-->src\main\AndroidManifest.xml:55:9-59:58
71            android:name="com.vernacular.learning.ui.settings.ThemeSettingsActivity"
71-->src\main\AndroidManifest.xml:56:13-62
72            android:exported="false"
72-->src\main\AndroidManifest.xml:57:13-37
73            android:parentActivityName="com.vernacular.learning.MainActivity"
73-->src\main\AndroidManifest.xml:59:13-55
74            android:screenOrientation="portrait" />
74-->src\main\AndroidManifest.xml:58:13-49
75
76        <!-- Download Content Manager Screen -->
77        <activity
77-->src\main\AndroidManifest.xml:62:9-66:58
78            android:name="com.vernacular.learning.ui.downloads.DownloadContentActivity"
78-->src\main\AndroidManifest.xml:63:13-65
79            android:exported="false"
79-->src\main\AndroidManifest.xml:64:13-37
80            android:parentActivityName="com.vernacular.learning.MainActivity"
80-->src\main\AndroidManifest.xml:66:13-55
81            android:screenOrientation="portrait" />
81-->src\main\AndroidManifest.xml:65:13-49
82
83        <!-- About App & SIH 2026 Info Screen -->
84        <activity
84-->src\main\AndroidManifest.xml:69:9-73:58
85            android:name="com.vernacular.learning.ui.about.AboutActivity"
85-->src\main\AndroidManifest.xml:70:13-51
86            android:exported="false"
86-->src\main\AndroidManifest.xml:71:13-37
87            android:parentActivityName="com.vernacular.learning.MainActivity"
87-->src\main\AndroidManifest.xml:73:13-55
88            android:screenOrientation="portrait" />
88-->src\main\AndroidManifest.xml:72:13-49
89
90        <service
90-->[androidx.room:room-runtime:2.6.1] AndroidManifest.xml:24:9-28:63
91            android:name="androidx.room.MultiInstanceInvalidationService"
91-->[androidx.room:room-runtime:2.6.1] AndroidManifest.xml:25:13-74
92            android:directBootAware="true"
92-->[androidx.room:room-runtime:2.6.1] AndroidManifest.xml:26:13-43
93            android:exported="false" />
93-->[androidx.room:room-runtime:2.6.1] AndroidManifest.xml:27:13-37
94
95        <provider
95-->[androidx.emoji2:emoji2:1.2.0] AndroidManifest.xml:24:9-32:20
96            android:name="androidx.startup.InitializationProvider"
96-->[androidx.emoji2:emoji2:1.2.0] AndroidManifest.xml:25:13-67
97            android:authorities="com.vernacular.learning.androidx-startup"
97-->[androidx.emoji2:emoji2:1.2.0] AndroidManifest.xml:26:13-68
98            android:exported="false" >
98-->[androidx.emoji2:emoji2:1.2.0] AndroidManifest.xml:27:13-37
99            <meta-data
99-->[androidx.emoji2:emoji2:1.2.0] AndroidManifest.xml:29:13-31:52
100                android:name="androidx.emoji2.text.EmojiCompatInitializer"
100-->[androidx.emoji2:emoji2:1.2.0] AndroidManifest.xml:30:17-75
101                android:value="androidx.startup" />
101-->[androidx.emoji2:emoji2:1.2.0] AndroidManifest.xml:31:17-49
102            <meta-data
102-->[androidx.lifecycle:lifecycle-process:2.7.0] AndroidManifest.xml:29:13-31:52
103                android:name="androidx.lifecycle.ProcessLifecycleInitializer"
103-->[androidx.lifecycle:lifecycle-process:2.7.0] AndroidManifest.xml:30:17-78
104                android:value="androidx.startup" />
104-->[androidx.lifecycle:lifecycle-process:2.7.0] AndroidManifest.xml:31:17-49
105            <meta-data
105-->[androidx.profileinstaller:profileinstaller:1.3.0] AndroidManifest.xml:29:13-31:52
106                android:name="androidx.profileinstaller.ProfileInstallerInitializer"
106-->[androidx.profileinstaller:profileinstaller:1.3.0] AndroidManifest.xml:30:17-85
107                android:value="androidx.startup" />
107-->[androidx.profileinstaller:profileinstaller:1.3.0] AndroidManifest.xml:31:17-49
108        </provider>
109
110        <receiver
110-->[androidx.profileinstaller:profileinstaller:1.3.0] AndroidManifest.xml:34:9-52:20
111            android:name="androidx.profileinstaller.ProfileInstallReceiver"
111-->[androidx.profileinstaller:profileinstaller:1.3.0] AndroidManifest.xml:35:13-76
112            android:directBootAware="false"
112-->[androidx.profileinstaller:profileinstaller:1.3.0] AndroidManifest.xml:36:13-44
113            android:enabled="true"
113-->[androidx.profileinstaller:profileinstaller:1.3.0] AndroidManifest.xml:37:13-35
114            android:exported="true"
114-->[androidx.profileinstaller:profileinstaller:1.3.0] AndroidManifest.xml:38:13-36
115            android:permission="android.permission.DUMP" >
115-->[androidx.profileinstaller:profileinstaller:1.3.0] AndroidManifest.xml:39:13-57
116            <intent-filter>
116-->[androidx.profileinstaller:profileinstaller:1.3.0] AndroidManifest.xml:40:13-42:29
117                <action android:name="androidx.profileinstaller.action.INSTALL_PROFILE" />
117-->[androidx.profileinstaller:profileinstaller:1.3.0] AndroidManifest.xml:41:17-91
117-->[androidx.profileinstaller:profileinstaller:1.3.0] AndroidManifest.xml:41:25-88
118            </intent-filter>
119            <intent-filter>
119-->[androidx.profileinstaller:profileinstaller:1.3.0] AndroidManifest.xml:43:13-45:29
120                <action android:name="androidx.profileinstaller.action.SKIP_FILE" />
120-->[androidx.profileinstaller:profileinstaller:1.3.0] AndroidManifest.xml:44:17-85
120-->[androidx.profileinstaller:profileinstaller:1.3.0] AndroidManifest.xml:44:25-82
121            </intent-filter>
122            <intent-filter>
122-->[androidx.profileinstaller:profileinstaller:1.3.0] AndroidManifest.xml:46:13-48:29
123                <action android:name="androidx.profileinstaller.action.SAVE_PROFILE" />
123-->[androidx.profileinstaller:profileinstaller:1.3.0] AndroidManifest.xml:47:17-88
123-->[androidx.profileinstaller:profileinstaller:1.3.0] AndroidManifest.xml:47:25-85
124            </intent-filter>
125            <intent-filter>
125-->[androidx.profileinstaller:profileinstaller:1.3.0] AndroidManifest.xml:49:13-51:29
126                <action android:name="androidx.profileinstaller.action.BENCHMARK_OPERATION" />
126-->[androidx.profileinstaller:profileinstaller:1.3.0] AndroidManifest.xml:50:17-95
126-->[androidx.profileinstaller:profileinstaller:1.3.0] AndroidManifest.xml:50:25-92
127            </intent-filter>
128        </receiver>
129    </application>
130
131</manifest>